[2019-03-09 17:43:10] local.ERROR: PDOException: SQLSTATE[42S02]: Base table or view not found: 1146 Table 'vuelaravel.products' doesn't exist in C:\Laravel\vue-laravel\backend\vendor\laravel\framework\src\Illuminate\Database\Connection.php:333
Stack trace:
#0 C:\Laravel\vue-laravel\backend\vendor\laravel\framework\src\Illuminate\Database\Connection.php(333): PDO->prepare('select * from `...')
#1 C:\Laravel\vue-laravel\backend\vendor\laravel\framework\src\Illuminate\Database\Connection.php(763): Illuminate\Database\Connection->Illuminate\Database\{closure}(Object(Illuminate\Database\MySqlConnection), 'select * from `...', Array)
#2 C:\Laravel\vue-laravel\backend\vendor\laravel\framework\src\Illuminate\Database\Connection.php(726): Illuminate\Database\Connection->runQueryCallback('select * from `...', Array, Object(Closure))
#3 C:\Laravel\vue-laravel\backend\vendor\laravel\framework\src\Illuminate\Database\Connection.php(351): Illuminate\Database\Connection->run('select * from `...', Array, Object(Closure))
#4 C:\Laravel\vue-laravel\backend\vendor\laravel\framework\src\Illuminate\Database\Query\Builder.php(1648): Illuminate\Database\Connection->select('select * from `...', Array, true)
#5 C:\Laravel\vue-laravel\backend\vendor\laravel\framework\src\Illuminate\Database\Query\Builder.php(1634): Illuminate\Database\Query\Builder->runSelect()
#6 C:\Laravel\vue-laravel\backend\vendor\laravel\framework\src\Illuminate\Database\Eloquent\Builder.php(638): Illuminate\Database\Query\Builder->get(Array)
#7 C:\Laravel\vue-laravel\backend\vendor\laravel\framework\src\Illuminate\Database\Eloquent\Builder.php(327): Illuminate\Database\Eloquent\Builder->getModels(Array)
#8 C:\Laravel\vue-laravel\backend\vendor\laravel\framework\src\Illuminate\Database\Eloquent\Model.php(631): Illuminate\Database\Eloquent\Builder->get(Array)
#9 C:\Laravel\vue-laravel\backend\app\Http\Controllers\ProductController.php(46): Illuminate\Database\Eloquent\Model::all()
#10 [internal function]: App\Http\Controllers\ProductController->getProducts()
#11 C:\Laravel\vue-laravel\backend\vendor\laravel\framework\src\Illuminate\Routing\Controller.php(55): call_user_func_array(Array, Array)
#12 C:\Laravel\vue-laravel\backend\vendor\laravel\framework\src\Illuminate\Routing\ControllerDispatcher.php(44): Illuminate\Routing\Controller->callAction('getProducts', Array)
#13 C:\Laravel\vue-laravel\backend\vendor\laravel\framework\src\Illuminate\Routing\Route.php(189): Illuminate\Routing\ControllerDispatcher->dispatch(Object(Illuminate\Routing\Route), Object(App\Http\Controllers\ProductController), 'getProducts')
#14 C:\Laravel\vue-laravel\backend\vendor\laravel\framework\src\Illuminate\Routing\Route.php(144): Illuminate\Routing\Route->runController()
#15 C:\Laravel\vue-laravel\backend\vendor\laravel\framework\src\Illuminate\Routing\Router.php(653): Illuminate\Routing\Route->run(Object(Illuminate\Http\Request))
#16 C:\Laravel\vue-laravel\backend\vendor\laravel\framework\src\Illuminate\Routing\Pipeline.php(53): Illuminate\Routing\Router->Illuminate\Routing\{closure}(Object(Illuminate\Http\Request))
#17 C:\Laravel\vue-laravel\backend\vendor\laravel\framework\src\Illuminate\Routing\Middleware\SubstituteBindings.php(41): Illuminate\Routing\Pipeline->Illuminate\Routing\{closure}(Object(Illuminate\Http\Request))
#18 C:\Laravel\vue-laravel\backend\vendor\laravel\framework\src\Illuminate\Pipeline\Pipeline.php(137): Illuminate\Routing\Middleware\SubstituteBindings->handle(Object(Illuminate\Http\Request), Object(Closure))
#19 C:\Laravel\vue-laravel\backend\vendor\laravel\framework\src\Illuminate\Routing\Pipeline.php(33): Illuminate\Pipeline\Pipeline->Illuminate\Pipeline\{closure}(Object(Illuminate\Http\Request))
#20 C:\Laravel\vue-laravel\backend\vendor\laravel\framework\src\Illuminate\Routing\Middleware\ThrottleRequests.php(49): Illuminate\Routing\Pipeline->Illuminate\Routing\{closure}(Object(Illuminate\Http\Request))
#21 C:\Laravel\vue-laravel\backend\vendor\laravel\framework\src\Illuminate\Pipeline\Pipeline.php(137): Illuminate\Routing\Middleware\ThrottleRequests->handle(Object(Illuminate\Http\Request), Object(Closure), '60', '1')
#22 C:\Laravel\vue-laravel\backend\vendor\laravel\framework\src\Illuminate\Routing\Pipeline.php(33): Illuminate\Pipeline\Pipeline->Illuminate\Pipeline\{closure}(Object(Illuminate\Http\Request))
#23 C:\Laravel\vue-laravel\backend\vendor\laravel\framework\src\Illuminate\Pipeline\Pipeline.php(104): Illuminate\Routing\Pipeline->Illuminate\Routing\{closure}(Object(Illuminate\Http\Request))
#24 C:\Laravel\vue-laravel\backend\vendor\laravel\framework\src\Illuminate\Routing\Router.php(655): Illuminate\Pipeline\Pipeline->then(Object(Closure))
#25 C:\Laravel\vue-laravel\backend\vendor\laravel\framework\src\Illuminate\Routing\Router.php(629): Illuminate\Routing\Router->runRouteWithinStack(Object(Illuminate\Routing\Route), Object(Illuminate\Http\Request))
#26 C:\Laravel\vue-laravel\backend\vendor\laravel\framework\src\Illuminate\Routing\Router.php(607): Illuminate\Routing\Router->dispatchToRoute(Object(Illuminate\Http\Request))
#27 C:\Laravel\vue-laravel\backend\vendor\laravel\framework\src\Illuminate\Foundation\Http\Kernel.php(268): Illuminate\Routing\Router->dispatch(Object(Illuminate\Http\Request))
#28 C:\Laravel\vue-laravel\backend\vendor\laravel\framework\src\Illuminate\Routing\Pipeline.php(53): Illuminate\Foundation\Http\Kernel->Illuminate\Foundation\Http\{closure}(Object(Illuminate\Http\Request))
#29 C:\Laravel\vue-laravel\backend\vendor\barryvdh\laravel-cors\src\HandleCors.php(58): Illuminate\Routing\Pipeline->Illuminate\Routing\{closure}(Object(Illuminate\Http\Request))
#30 C:\Laravel\vue-laravel\backend\vendor\laravel\framework\src\Illuminate\Pipeline\Pipeline.php(137): Barryvdh\Cors\HandleCors->handle(Object(Illuminate\Http\Request), Object(Closure))
#31 C:\Laravel\vue-laravel\backend\vendor\laravel\framework\src\Illuminate\Routing\Pipeline.php(33): Illuminate\Pipeline\Pipeline->Illuminate\Pipeline\{closure}(Object(Illuminate\Http\Request))
#32 C:\Laravel\vue-laravel\backend\vendor\laravel\framework\src\Illuminate\Foundation\Http\Middleware\CheckForMaintenanceMode.php(46): Illuminate\Routing\Pipeline->Illuminate\Routing\{closure}(Object(Illuminate\Http\Request))
#33 C:\Laravel\vue-laravel\backend\vendor\laravel\framework\src\Illuminate\Pipeline\Pipeline.php(137): Illuminate\Foundation\Http\Middleware\CheckForMaintenanceMode->handle(Object(Illuminate\Http\Request), Object(Closure))
#34 C:\Laravel\vue-laravel\backend\vendor\laravel\framework\src\Illuminate\Routing\Pipeline.php(33): Illuminate\Pipeline\Pipeline->Illuminate\Pipeline\{closure}(Object(Illuminate\Http\Request))
#35 C:\Laravel\vue-laravel\backend\vendor\laravel\framework\src\Illuminate\Pipeline\Pipeline.php(104): Illuminate\Routing\Pipeline->Illuminate\Routing\{closure}(Object(Illuminate\Http\Request))
#36 C:\Laravel\vue-laravel\backend\vendor\laravel\framework\src\Illuminate\Foundation\Http\Kernel.php(150): Illuminate\Pipeline\Pipeline->then(Object(Closure))
#37 C:\Laravel\vue-laravel\backend\vendor\laravel\framework\src\Illuminate\Foundation\Http\Kernel.php(117): Illuminate\Foundation\Http\Kernel->sendRequestThroughRouter(Object(Illuminate\Http\Request))
#38 C:\Laravel\vue-laravel\backend\public\index.php(53): Illuminate\Foundation\Http\Kernel->handle(Object(Illuminate\Http\Request))
#39 C:\Laravel\vue-laravel\backend\server.php(21): require_once('C:\\Laravel\\vue-...')
#40 {main}

Next Illuminate\Database\QueryException: SQLSTATE[42S02]: Base table or view not found: 1146 Table 'vuelaravel.products' doesn't exist (SQL: select * from `products`) in C:\Laravel\vue-laravel\backend\vendor\laravel\framework\src\Illuminate\Database\Connection.php:770
Stack trace:
#0 C:\Laravel\vue-laravel\backend\vendor\laravel\framework\src\Illuminate\Database\Connection.php(726): Illuminate\Database\Connection->runQueryCallback('select * from `...', Array, Object(Closure))
#1 C:\Laravel\vue-laravel\backend\vendor\laravel\framework\src\Illuminate\Database\Connection.php(351): Illuminate\Database\Connection->run('select * from `...', Array, Object(Closure))
#2 C:\Laravel\vue-laravel\backend\vendor\laravel\framework\src\Illuminate\Database\Query\Builder.php(1648): Illuminate\Database\Connection->select('select * from `...', Array, true)
#3 C:\Laravel\vue-laravel\backend\vendor\laravel\framework\src\Illuminate\Database\Query\Builder.php(1634): Illuminate\Database\Query\Builder->runSelect()
#4 C:\Laravel\vue-laravel\backend\vendor\laravel\framework\src\Illuminate\Database\Eloquent\Builder.php(638): Illuminate\Database\Query\Builder->get(Array)
#5 C:\Laravel\vue-laravel\backend\vendor\laravel\framework\src\Illuminate\Database\Eloquent\Builder.php(327): Illuminate\Database\Eloquent\Builder->getModels(Array)
#6 C:\Laravel\vue-laravel\backend\vendor\laravel\framework\src\Illuminate\Database\Eloquent\Model.php(631): Illuminate\Database\Eloquent\Builder->get(Array)
#7 C:\Laravel\vue-laravel\backend\app\Http\Controllers\ProductController.php(46): Illuminate\Database\Eloquent\Model::all()
#8 [internal function]: App\Http\Controllers\ProductController->getProducts()
#9 C:\Laravel\vue-laravel\backend\vendor\laravel\framework\src\Illuminate\Routing\Controller.php(55): call_user_func_array(Array, Array)
#10 C:\Laravel\vue-laravel\backend\vendor\laravel\framework\src\Illuminate\Routing\ControllerDispatcher.php(44): Illuminate\Routing\Controller->callAction('getProducts', Array)
#11 C:\Laravel\vue-laravel\backend\vendor\laravel\framework\src\Illuminate\Routing\Route.php(189): Illuminate\Routing\ControllerDispatcher->dispatch(Object(Illuminate\Routing\Route), Object(App\Http\Controllers\ProductController), 'getProducts')
#12 C:\Laravel\vue-laravel\backend\vendor\laravel\framework\src\Illuminate\Routing\Route.php(144): Illuminate\Routing\Route->runController()
#13 C:\Laravel\vue-laravel\backend\vendor\laravel\framework\src\Illuminate\Routing\Router.php(653): Illuminate\Routing\Route->run(Object(Illuminate\Http\Request))
#14 C:\Laravel\vue-laravel\backend\vendor\laravel\framework\src\Illuminate\Routing\Pipeline.php(53): Illuminate\Routing\Router->Illuminate\Routing\{closure}(Object(Illuminate\Http\Request))
#15 C:\Laravel\vue-laravel\backend\vendor\laravel\framework\src\Illuminate\Routing\Middleware\SubstituteBindings.php(41): Illuminate\Routing\Pipeline->Illuminate\Routing\{closure}(Object(Illuminate\Http\Request))
#16 C:\Laravel\vue-laravel\backend\vendor\laravel\framework\src\Illuminate\Pipeline\Pipeline.php(137): Illuminate\Routing\Middleware\SubstituteBindings->handle(Object(Illuminate\Http\Request), Object(Closure))
#17 C:\Laravel\vue-laravel\backend\vendor\laravel\framework\src\Illuminate\Routing\Pipeline.php(33): Illuminate\Pipeline\Pipeline->Illuminate\Pipeline\{closure}(Object(Illuminate\Http\Request))
#18 C:\Laravel\vue-laravel\backend\vendor\laravel\framework\src\Illuminate\Routing\Middleware\ThrottleRequests.php(49): Illuminate\Routing\Pipeline->Illuminate\Routing\{closure}(Object(Illuminate\Http\Request))
#19 C:\Laravel\vue-laravel\backend\vendor\laravel\framework\src\Illuminate\Pipeline\Pipeline.php(137): Illuminate\Routing\Middleware\ThrottleRequests->handle(Object(Illuminate\Http\Request), Object(Closure), '60', '1')
#20 C:\Laravel\vue-laravel\backend\vendor\laravel\framework\src\Illuminate\Routing\Pipeline.php(33): Illuminate\Pipeline\Pipeline->Illuminate\Pipeline\{closure}(Object(Illuminate\Http\Request))
#21 C:\Laravel\vue-laravel\backend\vendor\laravel\framework\src\Illuminate\Pipeline\Pipeline.php(104): Illuminate\Routing\Pipeline->Illuminate\Routing\{closure}(Object(Illuminate\Http\Request))
#22 C:\Laravel\vue-laravel\backend\vendor\laravel\framework\src\Illuminate\Routing\Router.php(655): Illuminate\Pipeline\Pipeline->then(Object(Closure))
#23 C:\Laravel\vue-laravel\backend\vendor\laravel\framework\src\Illuminate\Routing\Router.php(629): Illuminate\Routing\Router->runRouteWithinStack(Object(Illuminate\Routing\Route), Object(Illuminate\Http\Request))
#24 C:\Laravel\vue-laravel\backend\vendor\laravel\framework\src\Illuminate\Routing\Router.php(607): Illuminate\Routing\Router->dispatchToRoute(Object(Illuminate\Http\Request))
#25 C:\Laravel\vue-laravel\backend\vendor\laravel\framework\src\Illuminate\Foundation\Http\Kernel.php(268): Illuminate\Routing\Router->dispatch(Object(Illuminate\Http\Request))
#26 C:\Laravel\vue-laravel\backend\vendor\laravel\framework\src\Illuminate\Routing\Pipeline.php(53): Illuminate\Foundation\Http\Kernel->Illuminate\Foundation\Http\{closure}(Object(Illuminate\Http\Request))
#27 C:\Laravel\vue-laravel\backend\vendor\barryvdh\laravel-cors\src\HandleCors.php(58): Illuminate\Routing\Pipeline->Illuminate\Routing\{closure}(Object(Illuminate\Http\Request))
#28 C:\Laravel\vue-laravel\backend\vendor\laravel\framework\src\Illuminate\Pipeline\Pipeline.php(137): Barryvdh\Cors\HandleCors->handle(Object(Illuminate\Http\Request), Object(Closure))
#29 C:\Laravel\vue-laravel\backend\vendor\laravel\framework\src\Illuminate\Routing\Pipeline.php(33): Illuminate\Pipeline\Pipeline->Illuminate\Pipeline\{closure}(Object(Illuminate\Http\Request))
#30 C:\Laravel\vue-laravel\backend\vendor\laravel\framework\src\Illuminate\Foundation\Http\Middleware\CheckForMaintenanceMode.php(46): Illuminate\Routing\Pipeline->Illuminate\Routing\{closure}(Object(Illuminate\Http\Request))
#31 C:\Laravel\vue-laravel\backend\vendor\laravel\framework\src\Illuminate\Pipeline\Pipeline.php(137): Illuminate\Foundation\Http\Middleware\CheckForMaintenanceMode->handle(Object(Illuminate\Http\Request), Object(Closure))
#32 C:\Laravel\vue-laravel\backend\vendor\laravel\framework\src\Illuminate\Routing\Pipeline.php(33): Illuminate\Pipeline\Pipeline->Illuminate\Pipeline\{closure}(Object(Illuminate\Http\Request))
#33 C:\Laravel\vue-laravel\backend\vendor\laravel\framework\src\Illuminate\Pipeline\Pipeline.php(104): Illuminate\Routing\Pipeline->Illuminate\Routing\{closure}(Object(Illuminate\Http\Request))
#34 C:\Laravel\vue-laravel\backend\vendor\laravel\framework\src\Illuminate\Foundation\Http\Kernel.php(150): Illuminate\Pipeline\Pipeline->then(Object(Closure))
#35 C:\Laravel\vue-laravel\backend\vendor\laravel\framework\src\Illuminate\Foundation\Http\Kernel.php(117): Illuminate\Foundation\Http\Kernel->sendRequestThroughRouter(Object(Illuminate\Http\Request))
#36 C:\Laravel\vue-laravel\backend\public\index.php(53): Illuminate\Foundation\Http\Kernel->handle(Object(Illuminate\Http\Request))
#37 C:\Laravel\vue-laravel\backend\server.php(21): require_once('C:\\Laravel\\vue-...')
#38 {main}  
[2019-03-09 17:43:50] local.ERROR: PDOException: SQLSTATE[42S02]: Base table or view not found: 1146 Table 'vuelaravel.products' doesn't exist in C:\Laravel\vue-laravel\backend\vendor\laravel\framework\src\Illuminate\Database\Connection.php:476
Stack trace:
#0 C:\Laravel\vue-laravel\backend\vendor\laravel\framework\src\Illuminate\Database\Connection.php(476): PDO->prepare('insert into `pr...')
#1 C:\Laravel\vue-laravel\backend\vendor\laravel\framework\src\Illuminate\Database\Connection.php(763): Illuminate\Database\Connection->Illuminate\Database\{closure}(Object(Illuminate\Database\MySqlConnection), 'insert into `pr...', Array)
#2 C:\Laravel\vue-laravel\backend\vendor\laravel\framework\src\Illuminate\Database\Connection.php(726): Illuminate\Database\Connection->runQueryCallback('insert into `pr...', Array, Object(Closure))
#3 C:\Laravel\vue-laravel\backend\vendor\laravel\framework\src\Illuminate\Database\Connection.php(481): Illuminate\Database\Connection->run('insert into `pr...', Array, Object(Closure))
#4 C:\Laravel\vue-laravel\backend\vendor\laravel\framework\src\Illuminate\Database\Connection.php(435): Illuminate\Database\Connection->statement('insert into `pr...', Array)
#5 C:\Laravel\vue-laravel\backend\vendor\laravel\framework\src\Illuminate\Database\Query\Processors\Processor.php(32): Illuminate\Database\Connection->insert('insert into `pr...', Array)
#6 C:\Laravel\vue-laravel\backend\vendor\laravel\framework\src\Illuminate\Database\Query\Builder.php(2154): Illuminate\Database\Query\Processors\Processor->processInsertGetId(Object(Illuminate\Database\Query\Builder), 'insert into `pr...', Array, 'id')
#7 C:\Laravel\vue-laravel\backend\vendor\laravel\framework\src\Illuminate\Database\Eloquent\Builder.php(1470): Illuminate\Database\Query\Builder->insertGetId(Array, 'id')
#8 C:\Laravel\vue-laravel\backend\vendor\laravel\framework\src\Illuminate\Database\Eloquent\Model.php(1609): Illuminate\Database\Eloquent\Builder->__call('insertGetId', Array)
#9 C:\Laravel\vue-laravel\backend\vendor\laravel\framework\src\Illuminate\Database\Eloquent\Model.php(1574): Illuminate\Database\Eloquent\Model->insertAndSetId(Object(Illuminate\Database\Eloquent\Builder), Array)
#10 C:\Laravel\vue-laravel\backend\vendor\laravel\framework\src\Illuminate\Database\Eloquent\Model.php(1471): Illuminate\Database\Eloquent\Model->performInsert(Object(Illuminate\Database\Eloquent\Builder))
#11 C:\Laravel\vue-laravel\backend\app\Http\Controllers\ProductController.php(38): Illuminate\Database\Eloquent\Model->save()
#12 [internal function]: App\Http\Controllers\ProductController->postProduct(Object(Illuminate\Http\Request))
#13 C:\Laravel\vue-laravel\backend\vendor\laravel\framework\src\Illuminate\Routing\Controller.php(55): call_user_func_array(Array, Array)
#14 C:\Laravel\vue-laravel\backend\vendor\laravel\framework\src\Illuminate\Routing\ControllerDispatcher.php(44): Illuminate\Routing\Controller->callAction('postProduct', Array)
#15 C:\Laravel\vue-laravel\backend\vendor\laravel\framework\src\Illuminate\Routing\Route.php(189): Illuminate\Routing\ControllerDispatcher->dispatch(Object(Illuminate\Routing\Route), Object(App\Http\Controllers\ProductController), 'postProduct')
#16 C:\Laravel\vue-laravel\backend\vendor\laravel\framework\src\Illuminate\Routing\Route.php(144): Illuminate\Routing\Route->runController()
#17 C:\Laravel\vue-laravel\backend\vendor\laravel\framework\src\Illuminate\Routing\Router.php(653): Illuminate\Routing\Route->run(Object(Illuminate\Http\Request))
#18 C:\Laravel\vue-laravel\backend\vendor\laravel\framework\src\Illuminate\Routing\Pipeline.php(53): Illuminate\Routing\Router->Illuminate\Routing\{closure}(Object(Illuminate\Http\Request))
#19 C:\Laravel\vue-laravel\backend\vendor\laravel\framework\src\Illuminate\Routing\Middleware\SubstituteBindings.php(41): Illuminate\Routing\Pipeline->Illuminate\Routing\{closure}(Object(Illuminate\Http\Request))
#20 C:\Laravel\vue-laravel\backend\vendor\laravel\framework\src\Illuminate\Pipeline\Pipeline.php(137): Illuminate\Routing\Middleware\SubstituteBindings->handle(Object(Illuminate\Http\Request), Object(Closure))
#21 C:\Laravel\vue-laravel\backend\vendor\laravel\framework\src\Illuminate\Routing\Pipeline.php(33): Illuminate\Pipeline\Pipeline->Illuminate\Pipeline\{closure}(Object(Illuminate\Http\Request))
#22 C:\Laravel\vue-laravel\backend\vendor\laravel\framework\src\Illuminate\Routing\Middleware\ThrottleRequests.php(49): Illuminate\Routing\Pipeline->Illuminate\Routing\{closure}(Object(Illuminate\Http\Request))
#23 C:\Laravel\vue-laravel\backend\vendor\laravel\framework\src\Illuminate\Pipeline\Pipeline.php(137): Illuminate\Routing\Middleware\ThrottleRequests->handle(Object(Illuminate\Http\Request), Object(Closure), '60', '1')
#24 C:\Laravel\vue-laravel\backend\vendor\laravel\framework\src\Illuminate\Routing\Pipeline.php(33): Illuminate\Pipeline\Pipeline->Illuminate\Pipeline\{closure}(Object(Illuminate\Http\Request))
#25 C:\Laravel\vue-laravel\backend\vendor\laravel\framework\src\Illuminate\Pipeline\Pipeline.php(104): Illuminate\Routing\Pipeline->Illuminate\Routing\{closure}(Object(Illuminate\Http\Request))
#26 C:\Laravel\vue-laravel\backend\vendor\laravel\framework\src\Illuminate\Routing\Router.php(655): Illuminate\Pipeline\Pipeline->then(Object(Closure))
#27 C:\Laravel\vue-laravel\backend\vendor\laravel\framework\src\Illuminate\Routing\Router.php(629): Illuminate\Routing\Router->runRouteWithinStack(Object(Illuminate\Routing\Route), Object(Illuminate\Http\Request))
#28 C:\Laravel\vue-laravel\backend\vendor\laravel\framework\src\Illuminate\Routing\Router.php(607): Illuminate\Routing\Router->dispatchToRoute(Object(Illuminate\Http\Request))
#29 C:\Laravel\vue-laravel\backend\vendor\laravel\framework\src\Illuminate\Foundation\Http\Kernel.php(268): Illuminate\Routing\Router->dispatch(Object(Illuminate\Http\Request))
#30 C:\Laravel\vue-laravel\backend\vendor\laravel\framework\src\Illuminate\Routing\Pipeline.php(53): Illuminate\Foundation\Http\Kernel->Illuminate\Foundation\Http\{closure}(Object(Illuminate\Http\Request))
#31 C:\Laravel\vue-laravel\backend\vendor\barryvdh\laravel-cors\src\HandleCors.php(58): Illuminate\Routing\Pipeline->Illuminate\Routing\{closure}(Object(Illuminate\Http\Request))
#32 C:\Laravel\vue-laravel\backend\vendor\laravel\framework\src\Illuminate\Pipeline\Pipeline.php(137): Barryvdh\Cors\HandleCors->handle(Object(Illuminate\Http\Request), Object(Closure))
#33 C:\Laravel\vue-laravel\backend\vendor\laravel\framework\src\Illuminate\Routing\Pipeline.php(33): Illuminate\Pipeline\Pipeline->Illuminate\Pipeline\{closure}(Object(Illuminate\Http\Request))
#34 C:\Laravel\vue-laravel\backend\vendor\laravel\framework\src\Illuminate\Foundation\Http\Middleware\CheckForMaintenanceMode.php(46): Illuminate\Routing\Pipeline->Illuminate\Routing\{closure}(Object(Illuminate\Http\Request))
#35 C:\Laravel\vue-laravel\backend\vendor\laravel\framework\src\Illuminate\Pipeline\Pipeline.php(137): Illuminate\Foundation\Http\Middleware\CheckForMaintenanceMode->handle(Object(Illuminate\Http\Request), Object(Closure))
#36 C:\Laravel\vue-laravel\backend\vendor\laravel\framework\src\Illuminate\Routing\Pipeline.php(33): Illuminate\Pipeline\Pipeline->Illuminate\Pipeline\{closure}(Object(Illuminate\Http\Request))
#37 C:\Laravel\vue-laravel\backend\vendor\laravel\framework\src\Illuminate\Pipeline\Pipeline.php(104): Illuminate\Routing\Pipeline->Illuminate\Routing\{closure}(Object(Illuminate\Http\Request))
#38 C:\Laravel\vue-laravel\backend\vendor\laravel\framework\src\Illuminate\Foundation\Http\Kernel.php(150): Illuminate\Pipeline\Pipeline->then(Object(Closure))
#39 C:\Laravel\vue-laravel\backend\vendor\laravel\framework\src\Illuminate\Foundation\Http\Kernel.php(117): Illuminate\Foundation\Http\Kernel->sendRequestThroughRouter(Object(Illuminate\Http\Request))
#40 C:\Laravel\vue-laravel\backend\public\index.php(53): Illuminate\Foundation\Http\Kernel->handle(Object(Illuminate\Http\Request))
#41 C:\Laravel\vue-laravel\backend\server.php(21): require_once('C:\\Laravel\\vue-...')
#42 {main}

Next Illuminate\Database\QueryException: SQLSTATE[42S02]: Base table or view not found: 1146 Table 'vuelaravel.products' doesn't exist (SQL: insert into `products` (`name`, `quantity`, `image`, `price`, `updated_at`, `created_at`) values (dd, 1, 1552153430.jpg, 2, 2019-03-09 17:43:50, 2019-03-09 17:43:50)) in C:\Laravel\vue-laravel\backend\vendor\laravel\framework\src\Illuminate\Database\Connection.php:770
Stack trace:
#0 C:\Laravel\vue-laravel\backend\vendor\laravel\framework\src\Illuminate\Database\Connection.php(726): Illuminate\Database\Connection->runQueryCallback('insert into `pr...', Array, Object(Closure))
#1 C:\Laravel\vue-laravel\backend\vendor\laravel\framework\src\Illuminate\Database\Connection.php(481): Illuminate\Database\Connection->run('insert into `pr...', Array, Object(Closure))
#2 C:\Laravel\vue-laravel\backend\vendor\laravel\framework\src\Illuminate\Database\Connection.php(435): Illuminate\Database\Connection->statement('insert into `pr...', Array)
#3 C:\Laravel\vue-laravel\backend\vendor\laravel\framework\src\Illuminate\Database\Query\Processors\Processor.php(32): Illuminate\Database\Connection->insert('insert into `pr...', Array)
#4 C:\Laravel\vue-laravel\backend\vendor\laravel\framework\src\Illuminate\Database\Query\Builder.php(2154): Illuminate\Database\Query\Processors\Processor->processInsertGetId(Object(Illuminate\Database\Query\Builder), 'insert into `pr...', Array, 'id')
#5 C:\Laravel\vue-laravel\backend\vendor\laravel\framework\src\Illuminate\Database\Eloquent\Builder.php(1470): Illuminate\Database\Query\Builder->insertGetId(Array, 'id')
#6 C:\Laravel\vue-laravel\backend\vendor\laravel\framework\src\Illuminate\Database\Eloquent\Model.php(1609): Illuminate\Database\Eloquent\Builder->__call('insertGetId', Array)
#7 C:\Laravel\vue-laravel\backend\vendor\laravel\framework\src\Illuminate\Database\Eloquent\Model.php(1574): Illuminate\Database\Eloquent\Model->insertAndSetId(Object(Illuminate\Database\Eloquent\Builder), Array)
#8 C:\Laravel\vue-laravel\backend\vendor\laravel\framework\src\Illuminate\Database\Eloquent\Model.php(1471): Illuminate\Database\Eloquent\Model->performInsert(Object(Illuminate\Database\Eloquent\Builder))
#9 C:\Laravel\vue-laravel\backend\app\Http\Controllers\ProductController.php(38): Illuminate\Database\Eloquent\Model->save()
#10 [internal function]: App\Http\Controllers\ProductController->postProduct(Object(Illuminate\Http\Request))
#11 C:\Laravel\vue-laravel\backend\vendor\laravel\framework\src\Illuminate\Routing\Controller.php(55): call_user_func_array(Array, Array)
#12 C:\Laravel\vue-laravel\backend\vendor\laravel\framework\src\Illuminate\Routing\ControllerDispatcher.php(44): Illuminate\Routing\Controller->callAction('postProduct', Array)
#13 C:\Laravel\vue-laravel\backend\vendor\laravel\framework\src\Illuminate\Routing\Route.php(189): Illuminate\Routing\ControllerDispatcher->dispatch(Object(Illuminate\Routing\Route), Object(App\Http\Controllers\ProductController), 'postProduct')
#14 C:\Laravel\vue-laravel\backend\vendor\laravel\framework\src\Illuminate\Routing\Route.php(144): Illuminate\Routing\Route->runController()
#15 C:\Laravel\vue-laravel\backend\vendor\laravel\framework\src\Illuminate\Routing\Router.php(653): Illuminate\Routing\Route->run(Object(Illuminate\Http\Request))
#16 C:\Laravel\vue-laravel\backend\vendor\laravel\framework\src\Illuminate\Routing\Pipeline.php(53): Illuminate\Routing\Router->Illuminate\Routing\{closure}(Object(Illuminate\Http\Request))
#17 C:\Laravel\vue-laravel\backend\vendor\laravel\framework\src\Illuminate\Routing\Middleware\SubstituteBindings.php(41): Illuminate\Routing\Pipeline->Illuminate\Routing\{closure}(Object(Illuminate\Http\Request))
#18 C:\Laravel\vue-laravel\backend\vendor\laravel\framework\src\Illuminate\Pipeline\Pipeline.php(137): Illuminate\Routing\Middleware\SubstituteBindings->handle(Object(Illuminate\Http\Request), Object(Closure))
#19 C:\Laravel\vue-laravel\backend\vendor\laravel\framework\src\Illuminate\Routing\Pipeline.php(33): Illuminate\Pipeline\Pipeline->Illuminate\Pipeline\{closure}(Object(Illuminate\Http\Request))
#20 C:\Laravel\vue-laravel\backend\vendor\laravel\framework\src\Illuminate\Routing\Middleware\ThrottleRequests.php(49): Illuminate\Routing\Pipeline->Illuminate\Routing\{closure}(Object(Illuminate\Http\Request))
#21 C:\Laravel\vue-laravel\backend\vendor\laravel\framework\src\Illuminate\Pipeline\Pipeline.php(137): Illuminate\Routing\Middleware\ThrottleRequests->handle(Object(Illuminate\Http\Request), Object(Closure), '60', '1')
#22 C:\Laravel\vue-laravel\backend\vendor\laravel\framework\src\Illuminate\Routing\Pipeline.php(33): Illuminate\Pipeline\Pipeline->Illuminate\Pipeline\{closure}(Object(Illuminate\Http\Request))
#23 C:\Laravel\vue-laravel\backend\vendor\laravel\framework\src\Illuminate\Pipeline\Pipeline.php(104): Illuminate\Routing\Pipeline->Illuminate\Routing\{closure}(Object(Illuminate\Http\Request))
#24 C:\Laravel\vue-laravel\backend\vendor\laravel\framework\src\Illuminate\Routing\Router.php(655): Illuminate\Pipeline\Pipeline->then(Object(Closure))
#25 C:\Laravel\vue-laravel\backend\vendor\laravel\framework\src\Illuminate\Routing\Router.php(629): Illuminate\Routing\Router->runRouteWithinStack(Object(Illuminate\Routing\Route), Object(Illuminate\Http\Request))
#26 C:\Laravel\vue-laravel\backend\vendor\laravel\framework\src\Illuminate\Routing\Router.php(607): Illuminate\Routing\Router->dispatchToRoute(Object(Illuminate\Http\Request))
#27 C:\Laravel\vue-laravel\backend\vendor\laravel\framework\src\Illuminate\Foundation\Http\Kernel.php(268): Illuminate\Routing\Router->dispatch(Object(Illuminate\Http\Request))
#28 C:\Laravel\vue-laravel\backend\vendor\laravel\framework\src\Illuminate\Routing\Pipeline.php(53): Illuminate\Foundation\Http\Kernel->Illuminate\Foundation\Http\{closure}(Object(Illuminate\Http\Request))
#29 C:\Laravel\vue-laravel\backend\vendor\barryvdh\laravel-cors\src\HandleCors.php(58): Illuminate\Routing\Pipeline->Illuminate\Routing\{closure}(Object(Illuminate\Http\Request))
#30 C:\Laravel\vue-laravel\backend\vendor\laravel\framework\src\Illuminate\Pipeline\Pipeline.php(137): Barryvdh\Cors\HandleCors->handle(Object(Illuminate\Http\Request), Object(Closure))
#31 C:\Laravel\vue-laravel\backend\vendor\laravel\framework\src\Illuminate\Routing\Pipeline.php(33): Illuminate\Pipeline\Pipeline->Illuminate\Pipeline\{closure}(Object(Illuminate\Http\Request))
#32 C:\Laravel\vue-laravel\backend\vendor\laravel\framework\src\Illuminate\Foundation\Http\Middleware\CheckForMaintenanceMode.php(46): Illuminate\Routing\Pipeline->Illuminate\Routing\{closure}(Object(Illuminate\Http\Request))
#33 C:\Laravel\vue-laravel\backend\vendor\laravel\framework\src\Illuminate\Pipeline\Pipeline.php(137): Illuminate\Foundation\Http\Middleware\CheckForMaintenanceMode->handle(Object(Illuminate\Http\Request), Object(Closure))
#34 C:\Laravel\vue-laravel\backend\vendor\laravel\framework\src\Illuminate\Routing\Pipeline.php(33): Illuminate\Pipeline\Pipeline->Illuminate\Pipeline\{closure}(Object(Illuminate\Http\Request))
#35 C:\Laravel\vue-laravel\backend\vendor\laravel\framework\src\Illuminate\Pipeline\Pipeline.php(104): Illuminate\Routing\Pipeline->Illuminate\Routing\{closure}(Object(Illuminate\Http\Request))
#36 C:\Laravel\vue-laravel\backend\vendor\laravel\framework\src\Illuminate\Foundation\Http\Kernel.php(150): Illuminate\Pipeline\Pipeline->then(Object(Closure))
#37 C:\Laravel\vue-laravel\backend\vendor\laravel\framework\src\Illuminate\Foundation\Http\Kernel.php(117): Illuminate\Foundation\Http\Kernel->sendRequestThroughRouter(Object(Illuminate\Http\Request))
#38 C:\Laravel\vue-laravel\backend\public\index.php(53): Illuminate\Foundation\Http\Kernel->handle(Object(Illuminate\Http\Request))
#39 C:\Laravel\vue-laravel\backend\server.php(21): require_once('C:\\Laravel\\vue-...')
#40 {main}  
